<?xml version="1.0" encoding="UTF-8"?>
<!-- Generated by org.testng.reporters.JUnitXMLReporter -->
<testsuite ignored="0" hostname="SANDIP-PC" failures="0" tests="1" name="Bankingtest" time="0.236" errors="0" timestamp="2022-08-04T14:20:06 IST">
  <testcase classname="com.M_project.pageobjectclass.BaseClass" name="@BeforeClass setUp" time="-1.659603006601E9">
    <failure type="org.testng.TestNGException" message="
Parameter &amp;apos;browser&amp;apos; is required by BeforeClass on method setUp but has not been marked @Optional or defined
in C:\Users\MONIKA\eclipse-workspace\M_project\testng.xml">
      <![CDATA[org.testng.TestNGException: 
Parameter 'browser' is required by BeforeClass on method setUp but has not been marked @Optional or defined
in C:\Users\MONIKA\eclipse-workspace\M_project\testng.xml
at java.base/java.util.ArrayList.forEach(ArrayList.java:1511)
... Removed 22 stack frames]]>
    </failure>
  </testcase> <!-- @BeforeClass setUp -->
  <testcase classname="com.M_project.pageobjectclass.BaseClass" name="@AfterClass closeBrowser" time="-1.659603006732E9">
    <skipped/>
  </testcase> <!-- @AfterClass closeBrowser -->
  <testcase classname="com.M_project.testclass.TC_001_loginPage" name="loginTest" time="0.0">
    <skipped/>
  </testcase> <!-- loginTest -->
</testsuite> <!-- Bankingtest -->
